[20-Mar-2026 09:05:34 Asia/Kuala_Lumpur] PHP Fatal error:  Uncaught Error: Call to undefined function Symfony\Component\ErrorHandler\ErrorRenderer\highlight_file() in /home/syncoffice/public_html/vendor/symfony/error-handler/ErrorRenderer/HtmlErrorRenderer.php:257
Stack trace:
#0 /home/syncoffice/public_html/vendor/symfony/error-handler/Resources/views/trace.html.php(36): Symfony\Component\ErrorHandler\ErrorRenderer\HtmlErrorRenderer->fileExcerpt('/home/syncoffic...', 257, 5)
#1 /home/syncoffice/public_html/vendor/symfony/error-handler/ErrorRenderer/HtmlErrorRenderer.php(345): include('/home/syncoffic...')
#2 /home/syncoffice/public_html/vendor/symfony/error-handler/Resources/views/traces.html.php(48): Symfony\Component\ErrorHandler\ErrorRenderer\HtmlErrorRenderer->include('views/trace.htm...', Array)
#3 /home/syncoffice/public_html/vendor/symfony/error-handler/ErrorRenderer/HtmlErrorRenderer.php(345): include('/home/syncoffic...')
#4 /home/syncoffice/public_html/vendor/symfony/error-handler/Resources/views/exception.html.php(54): Symfony\Component\ErrorHandler\ErrorRenderer\HtmlErrorRenderer->include('views/traces.ht...', Array)
#5 /home/syncoffice/public_html/vendor/symfony/error-handler/ErrorRenderer/HtmlErrorRenderer.php(345): include('/home/syncoffic...')
#6 /home/syncoffice/public_html/vendor/symfony/error-handler/Resources/views/exception_full.html.php(35): Symfony\Component\ErrorHandler\ErrorRenderer\HtmlErrorRenderer->include('views/exception...', Array)
#7 /home/syncoffice/public_html/vendor/symfony/error-handler/ErrorRenderer/HtmlErrorRenderer.php(345): include('/home/syncoffic...')
#8 /home/syncoffice/public_html/vendor/symfony/error-handler/ErrorRenderer/HtmlErrorRenderer.php(140): Symfony\Component\ErrorHandler\ErrorRenderer\HtmlErrorRenderer->include('views/exception...', Array)
#9 /home/syncoffice/public_html/vendor/symfony/error-handler/ErrorRenderer/HtmlErrorRenderer.php(72): Symfony\Component\ErrorHandler\ErrorRenderer\HtmlErrorRenderer->renderException(Object(Symfony\Component\ErrorHandler\Exception\FlattenException))
#10 /home/syncoffice/public_html/vendor/laravel/framework/src/Illuminate/Foundation/Exceptions/Handler.php(879): Symfony\Component\ErrorHandler\ErrorRenderer\HtmlErrorRenderer->render(Object(Symfony\Component\ErrorHandler\Exception\FlattenException))
#11 /home/syncoffice/public_html/vendor/laravel/framework/src/Illuminate/Foundation/Exceptions/Handler.php(853): Illuminate\Foundation\Exceptions\Handler->renderExceptionWithSymfony(Object(Error), true)
#12 /home/syncoffice/public_html/vendor/laravel/framework/src/Illuminate/Foundation/Exceptions/Handler.php(828): Illuminate\Foundation\Exceptions\Handler->renderExceptionContent(Object(Error))
#13 /home/syncoffice/public_html/vendor/laravel/framework/src/Illuminate/Foundation/Exceptions/Handler.php(807): Illuminate\Foundation\Exceptions\Handler->convertExceptionToResponse(Object(Error))
#14 /home/syncoffice/public_html/vendor/laravel/framework/src/Illuminate/Foundation/Exceptions/Handler.php(706): Illuminate\Foundation\Exceptions\Handler->prepareResponse(Object(Illuminate\Http\Request), Object(Error))
#15 /home/syncoffice/public_html/vendor/laravel/framework/src/Illuminate/Foundation/Exceptions/Handler.php(594): Illuminate\Foundation\Exceptions\Handler->renderExceptionResponse(Object(Illuminate\Http\Request), Object(Error))
#16 /home/syncoffice/public_html/vendor/laravel/framework/src/Illuminate/Foundation/Bootstrap/HandleExceptions.php(221): Illuminate\Foundation\Exceptions\Handler->render(Object(Illuminate\Http\Request), Object(Error))
#17 /home/syncoffice/public_html/vendor/laravel/framework/src/Illuminate/Foundation/Bootstrap/HandleExceptions.php(198): Illuminate\Foundation\Bootstrap\HandleExceptions->renderHttpResponse(Object(Error))
#18 /home/syncoffice/public_html/vendor/laravel/framework/src/Illuminate/Foundation/Bootstrap/HandleExceptions.php(258): Illuminate\Foundation\Bootstrap\HandleExceptions->handleException(Object(Error))
#19 [internal function]: Illuminate\Foundation\Bootstrap\HandleExceptions->Illuminate\Foundation\Bootstrap\{closure}(Object(Error))
#20 {main}
  thrown in /home/syncoffice/public_html/vendor/symfony/error-handler/ErrorRenderer/HtmlErrorRenderer.php on line 257
[20-Mar-2026 09:05:34 Asia/Kuala_Lumpur] PHP Fatal error:  Uncaught Error: Call to undefined function Symfony\Component\ErrorHandler\ErrorRenderer\highlight_file() in /home/syncoffice/public_html/vendor/symfony/error-handler/ErrorRenderer/HtmlErrorRenderer.php:257
Stack trace:
#0 /home/syncoffice/public_html/vendor/symfony/error-handler/Resources/views/trace.html.php(36): Symfony\Component\ErrorHandler\ErrorRenderer\HtmlErrorRenderer->fileExcerpt('/home/syncoffic...', 257, 5)
#1 /home/syncoffice/public_html/vendor/symfony/error-handler/ErrorRenderer/HtmlErrorRenderer.php(345): include('/home/syncoffic...')
#2 /home/syncoffice/public_html/vendor/symfony/error-handler/Resources/views/traces.html.php(48): Symfony\Component\ErrorHandler\ErrorRenderer\HtmlErrorRenderer->include('views/trace.htm...', Array)
#3 /home/syncoffice/public_html/vendor/symfony/error-handler/ErrorRenderer/HtmlErrorRenderer.php(345): include('/home/syncoffic...')
#4 /home/syncoffice/public_html/vendor/symfony/error-handler/Resources/views/exception.html.php(54): Symfony\Component\ErrorHandler\ErrorRenderer\HtmlErrorRenderer->include('views/traces.ht...', Array)
#5 /home/syncoffice/public_html/vendor/symfony/error-handler/ErrorRenderer/HtmlErrorRenderer.php(345): include('/home/syncoffic...')
#6 /home/syncoffice/public_html/vendor/symfony/error-handler/Resources/views/exception_full.html.php(35): Symfony\Component\ErrorHandler\ErrorRenderer\HtmlErrorRenderer->include('views/exception...', Array)
#7 /home/syncoffice/public_html/vendor/symfony/error-handler/ErrorRenderer/HtmlErrorRenderer.php(345): include('/home/syncoffic...')
#8 /home/syncoffice/public_html/vendor/symfony/error-handler/ErrorRenderer/HtmlErrorRenderer.php(140): Symfony\Component\ErrorHandler\ErrorRenderer\HtmlErrorRenderer->include('views/exception...', Array)
#9 /home/syncoffice/public_html/vendor/symfony/error-handler/ErrorRenderer/HtmlErrorRenderer.php(72): Symfony\Component\ErrorHandler\ErrorRenderer\HtmlErrorRenderer->renderException(Object(Symfony\Component\ErrorHandler\Exception\FlattenException))
#10 /home/syncoffice/public_html/vendor/laravel/framework/src/Illuminate/Foundation/Exceptions/Handler.php(879): Symfony\Component\ErrorHandler\ErrorRenderer\HtmlErrorRenderer->render(Object(Symfony\Component\ErrorHandler\Exception\FlattenException))
#11 /home/syncoffice/public_html/vendor/laravel/framework/src/Illuminate/Foundation/Exceptions/Handler.php(853): Illuminate\Foundation\Exceptions\Handler->renderExceptionWithSymfony(Object(Error), true)
#12 /home/syncoffice/public_html/vendor/laravel/framework/src/Illuminate/Foundation/Exceptions/Handler.php(828): Illuminate\Foundation\Exceptions\Handler->renderExceptionContent(Object(Error))
#13 /home/syncoffice/public_html/vendor/laravel/framework/src/Illuminate/Foundation/Exceptions/Handler.php(807): Illuminate\Foundation\Exceptions\Handler->convertExceptionToResponse(Object(Symfony\Component\ErrorHandler\Error\FatalError))
#14 /home/syncoffice/public_html/vendor/laravel/framework/src/Illuminate/Foundation/Exceptions/Handler.php(706): Illuminate\Foundation\Exceptions\Handler->prepareResponse(Object(Illuminate\Http\Request), Object(Symfony\Component\ErrorHandler\Error\FatalError))
#15 /home/syncoffice/public_html/vendor/laravel/framework/src/Illuminate/Foundation/Exceptions/Handler.php(594): Illuminate\Foundation\Exceptions\Handler->renderExceptionResponse(Object(Illuminate\Http\Request), Object(Symfony\Component\ErrorHandler\Error\FatalError))
#16 /home/syncoffice/public_html/vendor/laravel/framework/src/Illuminate/Foundation/Bootstrap/HandleExceptions.php(221): Illuminate\Foundation\Exceptions\Handler->render(Object(Illuminate\Http\Request), Object(Symfony\Component\ErrorHandler\Error\FatalError))
#17 /home/syncoffice/public_html/vendor/laravel/framework/src/Illuminate/Foundation/Bootstrap/HandleExceptions.php(198): Illuminate\Foundation\Bootstrap\HandleExceptions->renderHttpResponse(Object(Symfony\Component\ErrorHandler\Error\FatalError))
#18 /home/syncoffice/public_html/vendor/laravel/framework/src/Illuminate/Foundation/Bootstrap/HandleExceptions.php(234): Illuminate\Foundation\Bootstrap\HandleExceptions->handleException(Object(Symfony\Component\ErrorHandler\Error\FatalError))
#19 /home/syncoffice/public_html/vendor/laravel/framework/src/Illuminate/Foundation/Bootstrap/HandleExceptions.php(258): Illuminate\Foundation\Bootstrap\HandleExceptions->handleShutdown()
#20 [internal function]: Illuminate\Foundation\Bootstrap\HandleExceptions->Illuminate\Foundation\Bootstrap\{closure}()
#21 {main}
  thrown in /home/syncoffice/public_html/vendor/symfony/error-handler/ErrorRenderer/HtmlErrorRenderer.php on line 257
[20-Mar-2026 10:46:38 Asia/Kuala_Lumpur] PHP Fatal error:  Uncaught Error: Call to undefined function Symfony\Component\ErrorHandler\ErrorRenderer\highlight_file() in /home/syncoffice/public_html/vendor/symfony/error-handler/ErrorRenderer/HtmlErrorRenderer.php:257
Stack trace:
#0 /home/syncoffice/public_html/vendor/symfony/error-handler/Resources/views/trace.html.php(36): Symfony\Component\ErrorHandler\ErrorRenderer\HtmlErrorRenderer->fileExcerpt('/home/syncoffic...', 257, 5)
#1 /home/syncoffice/public_html/vendor/symfony/error-handler/ErrorRenderer/HtmlErrorRenderer.php(345): include('/home/syncoffic...')
#2 /home/syncoffice/public_html/vendor/symfony/error-handler/Resources/views/traces.html.php(48): Symfony\Component\ErrorHandler\ErrorRenderer\HtmlErrorRenderer->include('views/trace.htm...', Array)
#3 /home/syncoffice/public_html/vendor/symfony/error-handler/ErrorRenderer/HtmlErrorRenderer.php(345): include('/home/syncoffic...')
#4 /home/syncoffice/public_html/vendor/symfony/error-handler/Resources/views/exception.html.php(54): Symfony\Component\ErrorHandler\ErrorRenderer\HtmlErrorRenderer->include('views/traces.ht...', Array)
#5 /home/syncoffice/public_html/vendor/symfony/error-handler/ErrorRenderer/HtmlErrorRenderer.php(345): include('/home/syncoffic...')
#6 /home/syncoffice/public_html/vendor/symfony/error-handler/Resources/views/exception_full.html.php(35): Symfony\Component\ErrorHandler\ErrorRenderer\HtmlErrorRenderer->include('views/exception...', Array)
#7 /home/syncoffice/public_html/vendor/symfony/error-handler/ErrorRenderer/HtmlErrorRenderer.php(345): include('/home/syncoffic...')
#8 /home/syncoffice/public_html/vendor/symfony/error-handler/ErrorRenderer/HtmlErrorRenderer.php(140): Symfony\Component\ErrorHandler\ErrorRenderer\HtmlErrorRenderer->include('views/exception...', Array)
#9 /home/syncoffice/public_html/vendor/symfony/error-handler/ErrorRenderer/HtmlErrorRenderer.php(72): Symfony\Component\ErrorHandler\ErrorRenderer\HtmlErrorRenderer->renderException(Object(Symfony\Component\ErrorHandler\Exception\FlattenException))
#10 /home/syncoffice/public_html/vendor/laravel/framework/src/Illuminate/Foundation/Exceptions/Handler.php(879): Symfony\Component\ErrorHandler\ErrorRenderer\HtmlErrorRenderer->render(Object(Symfony\Component\ErrorHandler\Exception\FlattenException))
#11 /home/syncoffice/public_html/vendor/laravel/framework/src/Illuminate/Foundation/Exceptions/Handler.php(853): Illuminate\Foundation\Exceptions\Handler->renderExceptionWithSymfony(Object(Error), true)
#12 /home/syncoffice/public_html/vendor/laravel/framework/src/Illuminate/Foundation/Exceptions/Handler.php(828): Illuminate\Foundation\Exceptions\Handler->renderExceptionContent(Object(Error))
#13 /home/syncoffice/public_html/vendor/laravel/framework/src/Illuminate/Foundation/Exceptions/Handler.php(807): Illuminate\Foundation\Exceptions\Handler->convertExceptionToResponse(Object(Error))
#14 /home/syncoffice/public_html/vendor/laravel/framework/src/Illuminate/Foundation/Exceptions/Handler.php(706): Illuminate\Foundation\Exceptions\Handler->prepareResponse(Object(Illuminate\Http\Request), Object(Error))
#15 /home/syncoffice/public_html/vendor/laravel/framework/src/Illuminate/Foundation/Exceptions/Handler.php(594): Illuminate\Foundation\Exceptions\Handler->renderExceptionResponse(Object(Illuminate\Http\Request), Object(Error))
#16 /home/syncoffice/public_html/vendor/laravel/framework/src/Illuminate/Foundation/Bootstrap/HandleExceptions.php(221): Illuminate\Foundation\Exceptions\Handler->render(Object(Illuminate\Http\Request), Object(Error))
#17 /home/syncoffice/public_html/vendor/laravel/framework/src/Illuminate/Foundation/Bootstrap/HandleExceptions.php(198): Illuminate\Foundation\Bootstrap\HandleExceptions->renderHttpResponse(Object(Error))
#18 /home/syncoffice/public_html/vendor/laravel/framework/src/Illuminate/Foundation/Bootstrap/HandleExceptions.php(258): Illuminate\Foundation\Bootstrap\HandleExceptions->handleException(Object(Error))
#19 [internal function]: Illuminate\Foundation\Bootstrap\HandleExceptions->Illuminate\Foundation\Bootstrap\{closure}(Object(Error))
#20 {main}
  thrown in /home/syncoffice/public_html/vendor/symfony/error-handler/ErrorRenderer/HtmlErrorRenderer.php on line 257
[20-Mar-2026 10:46:38 Asia/Kuala_Lumpur] PHP Fatal error:  Uncaught Error: Call to undefined function Symfony\Component\ErrorHandler\ErrorRenderer\highlight_file() in /home/syncoffice/public_html/vendor/symfony/error-handler/ErrorRenderer/HtmlErrorRenderer.php:257
Stack trace:
#0 /home/syncoffice/public_html/vendor/symfony/error-handler/Resources/views/trace.html.php(36): Symfony\Component\ErrorHandler\ErrorRenderer\HtmlErrorRenderer->fileExcerpt('/home/syncoffic...', 257, 5)
#1 /home/syncoffice/public_html/vendor/symfony/error-handler/ErrorRenderer/HtmlErrorRenderer.php(345): include('/home/syncoffic...')
#2 /home/syncoffice/public_html/vendor/symfony/error-handler/Resources/views/traces.html.php(48): Symfony\Component\ErrorHandler\ErrorRenderer\HtmlErrorRenderer->include('views/trace.htm...', Array)
#3 /home/syncoffice/public_html/vendor/symfony/error-handler/ErrorRenderer/HtmlErrorRenderer.php(345): include('/home/syncoffic...')
#4 /home/syncoffice/public_html/vendor/symfony/error-handler/Resources/views/exception.html.php(54): Symfony\Component\ErrorHandler\ErrorRenderer\HtmlErrorRenderer->include('views/traces.ht...', Array)
#5 /home/syncoffice/public_html/vendor/symfony/error-handler/ErrorRenderer/HtmlErrorRenderer.php(345): include('/home/syncoffic...')
#6 /home/syncoffice/public_html/vendor/symfony/error-handler/Resources/views/exception_full.html.php(35): Symfony\Component\ErrorHandler\ErrorRenderer\HtmlErrorRenderer->include('views/exception...', Array)
#7 /home/syncoffice/public_html/vendor/symfony/error-handler/ErrorRenderer/HtmlErrorRenderer.php(345): include('/home/syncoffic...')
#8 /home/syncoffice/public_html/vendor/symfony/error-handler/ErrorRenderer/HtmlErrorRenderer.php(140): Symfony\Component\ErrorHandler\ErrorRenderer\HtmlErrorRenderer->include('views/exception...', Array)
#9 /home/syncoffice/public_html/vendor/symfony/error-handler/ErrorRenderer/HtmlErrorRenderer.php(72): Symfony\Component\ErrorHandler\ErrorRenderer\HtmlErrorRenderer->renderException(Object(Symfony\Component\ErrorHandler\Exception\FlattenException))
#10 /home/syncoffice/public_html/vendor/laravel/framework/src/Illuminate/Foundation/Exceptions/Handler.php(879): Symfony\Component\ErrorHandler\ErrorRenderer\HtmlErrorRenderer->render(Object(Symfony\Component\ErrorHandler\Exception\FlattenException))
#11 /home/syncoffice/public_html/vendor/laravel/framework/src/Illuminate/Foundation/Exceptions/Handler.php(853): Illuminate\Foundation\Exceptions\Handler->renderExceptionWithSymfony(Object(Error), true)
#12 /home/syncoffice/public_html/vendor/laravel/framework/src/Illuminate/Foundation/Exceptions/Handler.php(828): Illuminate\Foundation\Exceptions\Handler->renderExceptionContent(Object(Error))
#13 /home/syncoffice/public_html/vendor/laravel/framework/src/Illuminate/Foundation/Exceptions/Handler.php(807): Illuminate\Foundation\Exceptions\Handler->convertExceptionToResponse(Object(Symfony\Component\ErrorHandler\Error\FatalError))
#14 /home/syncoffice/public_html/vendor/laravel/framework/src/Illuminate/Foundation/Exceptions/Handler.php(706): Illuminate\Foundation\Exceptions\Handler->prepareResponse(Object(Illuminate\Http\Request), Object(Symfony\Component\ErrorHandler\Error\FatalError))
#15 /home/syncoffice/public_html/vendor/laravel/framework/src/Illuminate/Foundation/Exceptions/Handler.php(594): Illuminate\Foundation\Exceptions\Handler->renderExceptionResponse(Object(Illuminate\Http\Request), Object(Symfony\Component\ErrorHandler\Error\FatalError))
#16 /home/syncoffice/public_html/vendor/laravel/framework/src/Illuminate/Foundation/Bootstrap/HandleExceptions.php(221): Illuminate\Foundation\Exceptions\Handler->render(Object(Illuminate\Http\Request), Object(Symfony\Component\ErrorHandler\Error\FatalError))
#17 /home/syncoffice/public_html/vendor/laravel/framework/src/Illuminate/Foundation/Bootstrap/HandleExceptions.php(198): Illuminate\Foundation\Bootstrap\HandleExceptions->renderHttpResponse(Object(Symfony\Component\ErrorHandler\Error\FatalError))
#18 /home/syncoffice/public_html/vendor/laravel/framework/src/Illuminate/Foundation/Bootstrap/HandleExceptions.php(234): Illuminate\Foundation\Bootstrap\HandleExceptions->handleException(Object(Symfony\Component\ErrorHandler\Error\FatalError))
#19 /home/syncoffice/public_html/vendor/laravel/framework/src/Illuminate/Foundation/Bootstrap/HandleExceptions.php(258): Illuminate\Foundation\Bootstrap\HandleExceptions->handleShutdown()
#20 [internal function]: Illuminate\Foundation\Bootstrap\HandleExceptions->Illuminate\Foundation\Bootstrap\{closure}()
#21 {main}
  thrown in /home/syncoffice/public_html/vendor/symfony/error-handler/ErrorRenderer/HtmlErrorRenderer.php on line 257
[20-Mar-2026 10:54:03 Asia/Kuala_Lumpur] PHP Fatal error:  Uncaught Error: Call to undefined function Symfony\Component\ErrorHandler\ErrorRenderer\highlight_file() in /home/syncoffice/public_html/vendor/symfony/error-handler/ErrorRenderer/HtmlErrorRenderer.php:257
Stack trace:
#0 /home/syncoffice/public_html/vendor/symfony/error-handler/Resources/views/trace.html.php(36): Symfony\Component\ErrorHandler\ErrorRenderer\HtmlErrorRenderer->fileExcerpt('/home/syncoffic...', 257, 5)
#1 /home/syncoffice/public_html/vendor/symfony/error-handler/ErrorRenderer/HtmlErrorRenderer.php(345): include('/home/syncoffic...')
#2 /home/syncoffice/public_html/vendor/symfony/error-handler/Resources/views/traces.html.php(48): Symfony\Component\ErrorHandler\ErrorRenderer\HtmlErrorRenderer->include('views/trace.htm...', Array)
#3 /home/syncoffice/public_html/vendor/symfony/error-handler/ErrorRenderer/HtmlErrorRenderer.php(345): include('/home/syncoffic...')
#4 /home/syncoffice/public_html/vendor/symfony/error-handler/Resources/views/exception.html.php(54): Symfony\Component\ErrorHandler\ErrorRenderer\HtmlErrorRenderer->include('views/traces.ht...', Array)
#5 /home/syncoffice/public_html/vendor/symfony/error-handler/ErrorRenderer/HtmlErrorRenderer.php(345): include('/home/syncoffic...')
#6 /home/syncoffice/public_html/vendor/symfony/error-handler/Resources/views/exception_full.html.php(35): Symfony\Component\ErrorHandler\ErrorRenderer\HtmlErrorRenderer->include('views/exception...', Array)
#7 /home/syncoffice/public_html/vendor/symfony/error-handler/ErrorRenderer/HtmlErrorRenderer.php(345): include('/home/syncoffic...')
#8 /home/syncoffice/public_html/vendor/symfony/error-handler/ErrorRenderer/HtmlErrorRenderer.php(140): Symfony\Component\ErrorHandler\ErrorRenderer\HtmlErrorRenderer->include('views/exception...', Array)
#9 /home/syncoffice/public_html/vendor/symfony/error-handler/ErrorRenderer/HtmlErrorRenderer.php(72): Symfony\Component\ErrorHandler\ErrorRenderer\HtmlErrorRenderer->renderException(Object(Symfony\Component\ErrorHandler\Exception\FlattenException))
#10 /home/syncoffice/public_html/vendor/laravel/framework/src/Illuminate/Foundation/Exceptions/Handler.php(879): Symfony\Component\ErrorHandler\ErrorRenderer\HtmlErrorRenderer->render(Object(Symfony\Component\ErrorHandler\Exception\FlattenException))
#11 /home/syncoffice/public_html/vendor/laravel/framework/src/Illuminate/Foundation/Exceptions/Handler.php(853): Illuminate\Foundation\Exceptions\Handler->renderExceptionWithSymfony(Object(Error), true)
#12 /home/syncoffice/public_html/vendor/laravel/framework/src/Illuminate/Foundation/Exceptions/Handler.php(828): Illuminate\Foundation\Exceptions\Handler->renderExceptionContent(Object(Error))
#13 /home/syncoffice/public_html/vendor/laravel/framework/src/Illuminate/Foundation/Exceptions/Handler.php(807): Illuminate\Foundation\Exceptions\Handler->convertExceptionToResponse(Object(Error))
#14 /home/syncoffice/public_html/vendor/laravel/framework/src/Illuminate/Foundation/Exceptions/Handler.php(706): Illuminate\Foundation\Exceptions\Handler->prepareResponse(Object(Illuminate\Http\Request), Object(Error))
#15 /home/syncoffice/public_html/vendor/laravel/framework/src/Illuminate/Foundation/Exceptions/Handler.php(594): Illuminate\Foundation\Exceptions\Handler->renderExceptionResponse(Object(Illuminate\Http\Request), Object(Error))
#16 /home/syncoffice/public_html/vendor/laravel/framework/src/Illuminate/Foundation/Bootstrap/HandleExceptions.php(221): Illuminate\Foundation\Exceptions\Handler->render(Object(Illuminate\Http\Request), Object(Error))
#17 /home/syncoffice/public_html/vendor/laravel/framework/src/Illuminate/Foundation/Bootstrap/HandleExceptions.php(198): Illuminate\Foundation\Bootstrap\HandleExceptions->renderHttpResponse(Object(Error))
#18 /home/syncoffice/public_html/vendor/laravel/framework/src/Illuminate/Foundation/Bootstrap/HandleExceptions.php(258): Illuminate\Foundation\Bootstrap\HandleExceptions->handleException(Object(Error))
#19 [internal function]: Illuminate\Foundation\Bootstrap\HandleExceptions->Illuminate\Foundation\Bootstrap\{closure}(Object(Error))
#20 {main}
  thrown in /home/syncoffice/public_html/vendor/symfony/error-handler/ErrorRenderer/HtmlErrorRenderer.php on line 257
[20-Mar-2026 10:54:03 Asia/Kuala_Lumpur] PHP Fatal error:  Uncaught Error: Call to undefined function Symfony\Component\ErrorHandler\ErrorRenderer\highlight_file() in /home/syncoffice/public_html/vendor/symfony/error-handler/ErrorRenderer/HtmlErrorRenderer.php:257
Stack trace:
#0 /home/syncoffice/public_html/vendor/symfony/error-handler/Resources/views/trace.html.php(36): Symfony\Component\ErrorHandler\ErrorRenderer\HtmlErrorRenderer->fileExcerpt('/home/syncoffic...', 257, 5)
#1 /home/syncoffice/public_html/vendor/symfony/error-handler/ErrorRenderer/HtmlErrorRenderer.php(345): include('/home/syncoffic...')
#2 /home/syncoffice/public_html/vendor/symfony/error-handler/Resources/views/traces.html.php(48): Symfony\Component\ErrorHandler\ErrorRenderer\HtmlErrorRenderer->include('views/trace.htm...', Array)
#3 /home/syncoffice/public_html/vendor/symfony/error-handler/ErrorRenderer/HtmlErrorRenderer.php(345): include('/home/syncoffic...')
#4 /home/syncoffice/public_html/vendor/symfony/error-handler/Resources/views/exception.html.php(54): Symfony\Component\ErrorHandler\ErrorRenderer\HtmlErrorRenderer->include('views/traces.ht...', Array)
#5 /home/syncoffice/public_html/vendor/symfony/error-handler/ErrorRenderer/HtmlErrorRenderer.php(345): include('/home/syncoffic...')
#6 /home/syncoffice/public_html/vendor/symfony/error-handler/Resources/views/exception_full.html.php(35): Symfony\Component\ErrorHandler\ErrorRenderer\HtmlErrorRenderer->include('views/exception...', Array)
#7 /home/syncoffice/public_html/vendor/symfony/error-handler/ErrorRenderer/HtmlErrorRenderer.php(345): include('/home/syncoffic...')
#8 /home/syncoffice/public_html/vendor/symfony/error-handler/ErrorRenderer/HtmlErrorRenderer.php(140): Symfony\Component\ErrorHandler\ErrorRenderer\HtmlErrorRenderer->include('views/exception...', Array)
#9 /home/syncoffice/public_html/vendor/symfony/error-handler/ErrorRenderer/HtmlErrorRenderer.php(72): Symfony\Component\ErrorHandler\ErrorRenderer\HtmlErrorRenderer->renderException(Object(Symfony\Component\ErrorHandler\Exception\FlattenException))
#10 /home/syncoffice/public_html/vendor/laravel/framework/src/Illuminate/Foundation/Exceptions/Handler.php(879): Symfony\Component\ErrorHandler\ErrorRenderer\HtmlErrorRenderer->render(Object(Symfony\Component\ErrorHandler\Exception\FlattenException))
#11 /home/syncoffice/public_html/vendor/laravel/framework/src/Illuminate/Foundation/Exceptions/Handler.php(853): Illuminate\Foundation\Exceptions\Handler->renderExceptionWithSymfony(Object(Error), true)
#12 /home/syncoffice/public_html/vendor/laravel/framework/src/Illuminate/Foundation/Exceptions/Handler.php(828): Illuminate\Foundation\Exceptions\Handler->renderExceptionContent(Object(Error))
#13 /home/syncoffice/public_html/vendor/laravel/framework/src/Illuminate/Foundation/Exceptions/Handler.php(807): Illuminate\Foundation\Exceptions\Handler->convertExceptionToResponse(Object(Symfony\Component\ErrorHandler\Error\FatalError))
#14 /home/syncoffice/public_html/vendor/laravel/framework/src/Illuminate/Foundation/Exceptions/Handler.php(706): Illuminate\Foundation\Exceptions\Handler->prepareResponse(Object(Illuminate\Http\Request), Object(Symfony\Component\ErrorHandler\Error\FatalError))
#15 /home/syncoffice/public_html/vendor/laravel/framework/src/Illuminate/Foundation/Exceptions/Handler.php(594): Illuminate\Foundation\Exceptions\Handler->renderExceptionResponse(Object(Illuminate\Http\Request), Object(Symfony\Component\ErrorHandler\Error\FatalError))
#16 /home/syncoffice/public_html/vendor/laravel/framework/src/Illuminate/Foundation/Bootstrap/HandleExceptions.php(221): Illuminate\Foundation\Exceptions\Handler->render(Object(Illuminate\Http\Request), Object(Symfony\Component\ErrorHandler\Error\FatalError))
#17 /home/syncoffice/public_html/vendor/laravel/framework/src/Illuminate/Foundation/Bootstrap/HandleExceptions.php(198): Illuminate\Foundation\Bootstrap\HandleExceptions->renderHttpResponse(Object(Symfony\Component\ErrorHandler\Error\FatalError))
#18 /home/syncoffice/public_html/vendor/laravel/framework/src/Illuminate/Foundation/Bootstrap/HandleExceptions.php(234): Illuminate\Foundation\Bootstrap\HandleExceptions->handleException(Object(Symfony\Component\ErrorHandler\Error\FatalError))
#19 /home/syncoffice/public_html/vendor/laravel/framework/src/Illuminate/Foundation/Bootstrap/HandleExceptions.php(258): Illuminate\Foundation\Bootstrap\HandleExceptions->handleShutdown()
#20 [internal function]: Illuminate\Foundation\Bootstrap\HandleExceptions->Illuminate\Foundation\Bootstrap\{closure}()
#21 {main}
  thrown in /home/syncoffice/public_html/vendor/symfony/error-handler/ErrorRenderer/HtmlErrorRenderer.php on line 257
[20-Mar-2026 10:54:13 Asia/Kuala_Lumpur] PHP Fatal error:  Uncaught Error: Call to undefined function Symfony\Component\ErrorHandler\ErrorRenderer\highlight_file() in /home/syncoffice/public_html/vendor/symfony/error-handler/ErrorRenderer/HtmlErrorRenderer.php:257
Stack trace:
#0 /home/syncoffice/public_html/vendor/symfony/error-handler/Resources/views/trace.html.php(36): Symfony\Component\ErrorHandler\ErrorRenderer\HtmlErrorRenderer->fileExcerpt('/home/syncoffic...', 257, 5)
#1 /home/syncoffice/public_html/vendor/symfony/error-handler/ErrorRenderer/HtmlErrorRenderer.php(345): include('/home/syncoffic...')
#2 /home/syncoffice/public_html/vendor/symfony/error-handler/Resources/views/traces.html.php(48): Symfony\Component\ErrorHandler\ErrorRenderer\HtmlErrorRenderer->include('views/trace.htm...', Array)
#3 /home/syncoffice/public_html/vendor/symfony/error-handler/ErrorRenderer/HtmlErrorRenderer.php(345): include('/home/syncoffic...')
#4 /home/syncoffice/public_html/vendor/symfony/error-handler/Resources/views/exception.html.php(54): Symfony\Component\ErrorHandler\ErrorRenderer\HtmlErrorRenderer->include('views/traces.ht...', Array)
#5 /home/syncoffice/public_html/vendor/symfony/error-handler/ErrorRenderer/HtmlErrorRenderer.php(345): include('/home/syncoffic...')
#6 /home/syncoffice/public_html/vendor/symfony/error-handler/Resources/views/exception_full.html.php(35): Symfony\Component\ErrorHandler\ErrorRenderer\HtmlErrorRenderer->include('views/exception...', Array)
#7 /home/syncoffice/public_html/vendor/symfony/error-handler/ErrorRenderer/HtmlErrorRenderer.php(345): include('/home/syncoffic...')
#8 /home/syncoffice/public_html/vendor/symfony/error-handler/ErrorRenderer/HtmlErrorRenderer.php(140): Symfony\Component\ErrorHandler\ErrorRenderer\HtmlErrorRenderer->include('views/exception...', Array)
#9 /home/syncoffice/public_html/vendor/symfony/error-handler/ErrorRenderer/HtmlErrorRenderer.php(72): Symfony\Component\ErrorHandler\ErrorRenderer\HtmlErrorRenderer->renderException(Object(Symfony\Component\ErrorHandler\Exception\FlattenException))
#10 /home/syncoffice/public_html/vendor/laravel/framework/src/Illuminate/Foundation/Exceptions/Handler.php(879): Symfony\Component\ErrorHandler\ErrorRenderer\HtmlErrorRenderer->render(Object(Symfony\Component\ErrorHandler\Exception\FlattenException))
#11 /home/syncoffice/public_html/vendor/laravel/framework/src/Illuminate/Foundation/Exceptions/Handler.php(853): Illuminate\Foundation\Exceptions\Handler->renderExceptionWithSymfony(Object(Error), true)
#12 /home/syncoffice/public_html/vendor/laravel/framework/src/Illuminate/Foundation/Exceptions/Handler.php(828): Illuminate\Foundation\Exceptions\Handler->renderExceptionContent(Object(Error))
#13 /home/syncoffice/public_html/vendor/laravel/framework/src/Illuminate/Foundation/Exceptions/Handler.php(807): Illuminate\Foundation\Exceptions\Handler->convertExceptionToResponse(Object(Error))
#14 /home/syncoffice/public_html/vendor/laravel/framework/src/Illuminate/Foundation/Exceptions/Handler.php(706): Illuminate\Foundation\Exceptions\Handler->prepareResponse(Object(Illuminate\Http\Request), Object(Error))
#15 /home/syncoffice/public_html/vendor/laravel/framework/src/Illuminate/Foundation/Exceptions/Handler.php(594): Illuminate\Foundation\Exceptions\Handler->renderExceptionResponse(Object(Illuminate\Http\Request), Object(Error))
#16 /home/syncoffice/public_html/vendor/laravel/framework/src/Illuminate/Foundation/Bootstrap/HandleExceptions.php(221): Illuminate\Foundation\Exceptions\Handler->render(Object(Illuminate\Http\Request), Object(Error))
#17 /home/syncoffice/public_html/vendor/laravel/framework/src/Illuminate/Foundation/Bootstrap/HandleExceptions.php(198): Illuminate\Foundation\Bootstrap\HandleExceptions->renderHttpResponse(Object(Error))
#18 /home/syncoffice/public_html/vendor/laravel/framework/src/Illuminate/Foundation/Bootstrap/HandleExceptions.php(258): Illuminate\Foundation\Bootstrap\HandleExceptions->handleException(Object(Error))
#19 [internal function]: Illuminate\Foundation\Bootstrap\HandleExceptions->Illuminate\Foundation\Bootstrap\{closure}(Object(Error))
#20 {main}
  thrown in /home/syncoffice/public_html/vendor/symfony/error-handler/ErrorRenderer/HtmlErrorRenderer.php on line 257
[20-Mar-2026 10:54:13 Asia/Kuala_Lumpur] PHP Fatal error:  Uncaught Error: Call to undefined function Symfony\Component\ErrorHandler\ErrorRenderer\highlight_file() in /home/syncoffice/public_html/vendor/symfony/error-handler/ErrorRenderer/HtmlErrorRenderer.php:257
Stack trace:
#0 /home/syncoffice/public_html/vendor/symfony/error-handler/Resources/views/trace.html.php(36): Symfony\Component\ErrorHandler\ErrorRenderer\HtmlErrorRenderer->fileExcerpt('/home/syncoffic...', 257, 5)
#1 /home/syncoffice/public_html/vendor/symfony/error-handler/ErrorRenderer/HtmlErrorRenderer.php(345): include('/home/syncoffic...')
#2 /home/syncoffice/public_html/vendor/symfony/error-handler/Resources/views/traces.html.php(48): Symfony\Component\ErrorHandler\ErrorRenderer\HtmlErrorRenderer->include('views/trace.htm...', Array)
#3 /home/syncoffice/public_html/vendor/symfony/error-handler/ErrorRenderer/HtmlErrorRenderer.php(345): include('/home/syncoffic...')
#4 /home/syncoffice/public_html/vendor/symfony/error-handler/Resources/views/exception.html.php(54): Symfony\Component\ErrorHandler\ErrorRenderer\HtmlErrorRenderer->include('views/traces.ht...', Array)
#5 /home/syncoffice/public_html/vendor/symfony/error-handler/ErrorRenderer/HtmlErrorRenderer.php(345): include('/home/syncoffic...')
#6 /home/syncoffice/public_html/vendor/symfony/error-handler/Resources/views/exception_full.html.php(35): Symfony\Component\ErrorHandler\ErrorRenderer\HtmlErrorRenderer->include('views/exception...', Array)
#7 /home/syncoffice/public_html/vendor/symfony/error-handler/ErrorRenderer/HtmlErrorRenderer.php(345): include('/home/syncoffic...')
#8 /home/syncoffice/public_html/vendor/symfony/error-handler/ErrorRenderer/HtmlErrorRenderer.php(140): Symfony\Component\ErrorHandler\ErrorRenderer\HtmlErrorRenderer->include('views/exception...', Array)
#9 /home/syncoffice/public_html/vendor/symfony/error-handler/ErrorRenderer/HtmlErrorRenderer.php(72): Symfony\Component\ErrorHandler\ErrorRenderer\HtmlErrorRenderer->renderException(Object(Symfony\Component\ErrorHandler\Exception\FlattenException))
#10 /home/syncoffice/public_html/vendor/laravel/framework/src/Illuminate/Foundation/Exceptions/Handler.php(879): Symfony\Component\ErrorHandler\ErrorRenderer\HtmlErrorRenderer->render(Object(Symfony\Component\ErrorHandler\Exception\FlattenException))
#11 /home/syncoffice/public_html/vendor/laravel/framework/src/Illuminate/Foundation/Exceptions/Handler.php(853): Illuminate\Foundation\Exceptions\Handler->renderExceptionWithSymfony(Object(Error), true)
#12 /home/syncoffice/public_html/vendor/laravel/framework/src/Illuminate/Foundation/Exceptions/Handler.php(828): Illuminate\Foundation\Exceptions\Handler->renderExceptionContent(Object(Error))
#13 /home/syncoffice/public_html/vendor/laravel/framework/src/Illuminate/Foundation/Exceptions/Handler.php(807): Illuminate\Foundation\Exceptions\Handler->convertExceptionToResponse(Object(Symfony\Component\ErrorHandler\Error\FatalError))
#14 /home/syncoffice/public_html/vendor/laravel/framework/src/Illuminate/Foundation/Exceptions/Handler.php(706): Illuminate\Foundation\Exceptions\Handler->prepareResponse(Object(Illuminate\Http\Request), Object(Symfony\Component\ErrorHandler\Error\FatalError))
#15 /home/syncoffice/public_html/vendor/laravel/framework/src/Illuminate/Foundation/Exceptions/Handler.php(594): Illuminate\Foundation\Exceptions\Handler->renderExceptionResponse(Object(Illuminate\Http\Request), Object(Symfony\Component\ErrorHandler\Error\FatalError))
#16 /home/syncoffice/public_html/vendor/laravel/framework/src/Illuminate/Foundation/Bootstrap/HandleExceptions.php(221): Illuminate\Foundation\Exceptions\Handler->render(Object(Illuminate\Http\Request), Object(Symfony\Component\ErrorHandler\Error\FatalError))
#17 /home/syncoffice/public_html/vendor/laravel/framework/src/Illuminate/Foundation/Bootstrap/HandleExceptions.php(198): Illuminate\Foundation\Bootstrap\HandleExceptions->renderHttpResponse(Object(Symfony\Component\ErrorHandler\Error\FatalError))
#18 /home/syncoffice/public_html/vendor/laravel/framework/src/Illuminate/Foundation/Bootstrap/HandleExceptions.php(234): Illuminate\Foundation\Bootstrap\HandleExceptions->handleException(Object(Symfony\Component\ErrorHandler\Error\FatalError))
#19 /home/syncoffice/public_html/vendor/laravel/framework/src/Illuminate/Foundation/Bootstrap/HandleExceptions.php(258): Illuminate\Foundation\Bootstrap\HandleExceptions->handleShutdown()
#20 [internal function]: Illuminate\Foundation\Bootstrap\HandleExceptions->Illuminate\Foundation\Bootstrap\{closure}()
#21 {main}
  thrown in /home/syncoffice/public_html/vendor/symfony/error-handler/ErrorRenderer/HtmlErrorRenderer.php on line 257
[20-Mar-2026 10:54:17 Asia/Kuala_Lumpur] PHP Fatal error:  Uncaught Error: Call to undefined function Symfony\Component\ErrorHandler\ErrorRenderer\highlight_file() in /home/syncoffice/public_html/vendor/symfony/error-handler/ErrorRenderer/HtmlErrorRenderer.php:257
Stack trace:
#0 /home/syncoffice/public_html/vendor/symfony/error-handler/Resources/views/trace.html.php(36): Symfony\Component\ErrorHandler\ErrorRenderer\HtmlErrorRenderer->fileExcerpt('/home/syncoffic...', 257, 5)
#1 /home/syncoffice/public_html/vendor/symfony/error-handler/ErrorRenderer/HtmlErrorRenderer.php(345): include('/home/syncoffic...')
#2 /home/syncoffice/public_html/vendor/symfony/error-handler/Resources/views/traces.html.php(48): Symfony\Component\ErrorHandler\ErrorRenderer\HtmlErrorRenderer->include('views/trace.htm...', Array)
#3 /home/syncoffice/public_html/vendor/symfony/error-handler/ErrorRenderer/HtmlErrorRenderer.php(345): include('/home/syncoffic...')
#4 /home/syncoffice/public_html/vendor/symfony/error-handler/Resources/views/exception.html.php(54): Symfony\Component\ErrorHandler\ErrorRenderer\HtmlErrorRenderer->include('views/traces.ht...', Array)
#5 /home/syncoffice/public_html/vendor/symfony/error-handler/ErrorRenderer/HtmlErrorRenderer.php(345): include('/home/syncoffic...')
#6 /home/syncoffice/public_html/vendor/symfony/error-handler/Resources/views/exception_full.html.php(35): Symfony\Component\ErrorHandler\ErrorRenderer\HtmlErrorRenderer->include('views/exception...', Array)
#7 /home/syncoffice/public_html/vendor/symfony/error-handler/ErrorRenderer/HtmlErrorRenderer.php(345): include('/home/syncoffic...')
#8 /home/syncoffice/public_html/vendor/symfony/error-handler/ErrorRenderer/HtmlErrorRenderer.php(140): Symfony\Component\ErrorHandler\ErrorRenderer\HtmlErrorRenderer->include('views/exception...', Array)
#9 /home/syncoffice/public_html/vendor/symfony/error-handler/ErrorRenderer/HtmlErrorRenderer.php(72): Symfony\Component\ErrorHandler\ErrorRenderer\HtmlErrorRenderer->renderException(Object(Symfony\Component\ErrorHandler\Exception\FlattenException))
#10 /home/syncoffice/public_html/vendor/laravel/framework/src/Illuminate/Foundation/Exceptions/Handler.php(879): Symfony\Component\ErrorHandler\ErrorRenderer\HtmlErrorRenderer->render(Object(Symfony\Component\ErrorHandler\Exception\FlattenException))
#11 /home/syncoffice/public_html/vendor/laravel/framework/src/Illuminate/Foundation/Exceptions/Handler.php(853): Illuminate\Foundation\Exceptions\Handler->renderExceptionWithSymfony(Object(Error), true)
#12 /home/syncoffice/public_html/vendor/laravel/framework/src/Illuminate/Foundation/Exceptions/Handler.php(828): Illuminate\Foundation\Exceptions\Handler->renderExceptionContent(Object(Error))
#13 /home/syncoffice/public_html/vendor/laravel/framework/src/Illuminate/Foundation/Exceptions/Handler.php(807): Illuminate\Foundation\Exceptions\Handler->convertExceptionToResponse(Object(Error))
#14 /home/syncoffice/public_html/vendor/laravel/framework/src/Illuminate/Foundation/Exceptions/Handler.php(706): Illuminate\Foundation\Exceptions\Handler->prepareResponse(Object(Illuminate\Http\Request), Object(Error))
#15 /home/syncoffice/public_html/vendor/laravel/framework/src/Illuminate/Foundation/Exceptions/Handler.php(594): Illuminate\Foundation\Exceptions\Handler->renderExceptionResponse(Object(Illuminate\Http\Request), Object(Error))
#16 /home/syncoffice/public_html/vendor/laravel/framework/src/Illuminate/Foundation/Bootstrap/HandleExceptions.php(221): Illuminate\Foundation\Exceptions\Handler->render(Object(Illuminate\Http\Request), Object(Error))
#17 /home/syncoffice/public_html/vendor/laravel/framework/src/Illuminate/Foundation/Bootstrap/HandleExceptions.php(198): Illuminate\Foundation\Bootstrap\HandleExceptions->renderHttpResponse(Object(Error))
#18 /home/syncoffice/public_html/vendor/laravel/framework/src/Illuminate/Foundation/Bootstrap/HandleExceptions.php(258): Illuminate\Foundation\Bootstrap\HandleExceptions->handleException(Object(Error))
#19 [internal function]: Illuminate\Foundation\Bootstrap\HandleExceptions->Illuminate\Foundation\Bootstrap\{closure}(Object(Error))
#20 {main}
  thrown in /home/syncoffice/public_html/vendor/symfony/error-handler/ErrorRenderer/HtmlErrorRenderer.php on line 257
[20-Mar-2026 10:54:17 Asia/Kuala_Lumpur] PHP Fatal error:  Uncaught Error: Call to undefined function Symfony\Component\ErrorHandler\ErrorRenderer\highlight_file() in /home/syncoffice/public_html/vendor/symfony/error-handler/ErrorRenderer/HtmlErrorRenderer.php:257
Stack trace:
#0 /home/syncoffice/public_html/vendor/symfony/error-handler/Resources/views/trace.html.php(36): Symfony\Component\ErrorHandler\ErrorRenderer\HtmlErrorRenderer->fileExcerpt('/home/syncoffic...', 257, 5)
#1 /home/syncoffice/public_html/vendor/symfony/error-handler/ErrorRenderer/HtmlErrorRenderer.php(345): include('/home/syncoffic...')
#2 /home/syncoffice/public_html/vendor/symfony/error-handler/Resources/views/traces.html.php(48): Symfony\Component\ErrorHandler\ErrorRenderer\HtmlErrorRenderer->include('views/trace.htm...', Array)
#3 /home/syncoffice/public_html/vendor/symfony/error-handler/ErrorRenderer/HtmlErrorRenderer.php(345): include('/home/syncoffic...')
#4 /home/syncoffice/public_html/vendor/symfony/error-handler/Resources/views/exception.html.php(54): Symfony\Component\ErrorHandler\ErrorRenderer\HtmlErrorRenderer->include('views/traces.ht...', Array)
#5 /home/syncoffice/public_html/vendor/symfony/error-handler/ErrorRenderer/HtmlErrorRenderer.php(345): include('/home/syncoffic...')
#6 /home/syncoffice/public_html/vendor/symfony/error-handler/Resources/views/exception_full.html.php(35): Symfony\Component\ErrorHandler\ErrorRenderer\HtmlErrorRenderer->include('views/exception...', Array)
#7 /home/syncoffice/public_html/vendor/symfony/error-handler/ErrorRenderer/HtmlErrorRenderer.php(345): include('/home/syncoffic...')
#8 /home/syncoffice/public_html/vendor/symfony/error-handler/ErrorRenderer/HtmlErrorRenderer.php(140): Symfony\Component\ErrorHandler\ErrorRenderer\HtmlErrorRenderer->include('views/exception...', Array)
#9 /home/syncoffice/public_html/vendor/symfony/error-handler/ErrorRenderer/HtmlErrorRenderer.php(72): Symfony\Component\ErrorHandler\ErrorRenderer\HtmlErrorRenderer->renderException(Object(Symfony\Component\ErrorHandler\Exception\FlattenException))
#10 /home/syncoffice/public_html/vendor/laravel/framework/src/Illuminate/Foundation/Exceptions/Handler.php(879): Symfony\Component\ErrorHandler\ErrorRenderer\HtmlErrorRenderer->render(Object(Symfony\Component\ErrorHandler\Exception\FlattenException))
#11 /home/syncoffice/public_html/vendor/laravel/framework/src/Illuminate/Foundation/Exceptions/Handler.php(853): Illuminate\Foundation\Exceptions\Handler->renderExceptionWithSymfony(Object(Error), true)
#12 /home/syncoffice/public_html/vendor/laravel/framework/src/Illuminate/Foundation/Exceptions/Handler.php(828): Illuminate\Foundation\Exceptions\Handler->renderExceptionContent(Object(Error))
#13 /home/syncoffice/public_html/vendor/laravel/framework/src/Illuminate/Foundation/Exceptions/Handler.php(807): Illuminate\Foundation\Exceptions\Handler->convertExceptionToResponse(Object(Symfony\Component\ErrorHandler\Error\FatalError))
#14 /home/syncoffice/public_html/vendor/laravel/framework/src/Illuminate/Foundation/Exceptions/Handler.php(706): Illuminate\Foundation\Exceptions\Handler->prepareResponse(Object(Illuminate\Http\Request), Object(Symfony\Component\ErrorHandler\Error\FatalError))
#15 /home/syncoffice/public_html/vendor/laravel/framework/src/Illuminate/Foundation/Exceptions/Handler.php(594): Illuminate\Foundation\Exceptions\Handler->renderExceptionResponse(Object(Illuminate\Http\Request), Object(Symfony\Component\ErrorHandler\Error\FatalError))
#16 /home/syncoffice/public_html/vendor/laravel/framework/src/Illuminate/Foundation/Bootstrap/HandleExceptions.php(221): Illuminate\Foundation\Exceptions\Handler->render(Object(Illuminate\Http\Request), Object(Symfony\Component\ErrorHandler\Error\FatalError))
#17 /home/syncoffice/public_html/vendor/laravel/framework/src/Illuminate/Foundation/Bootstrap/HandleExceptions.php(198): Illuminate\Foundation\Bootstrap\HandleExceptions->renderHttpResponse(Object(Symfony\Component\ErrorHandler\Error\FatalError))
#18 /home/syncoffice/public_html/vendor/laravel/framework/src/Illuminate/Foundation/Bootstrap/HandleExceptions.php(234): Illuminate\Foundation\Bootstrap\HandleExceptions->handleException(Object(Symfony\Component\ErrorHandler\Error\FatalError))
#19 /home/syncoffice/public_html/vendor/laravel/framework/src/Illuminate/Foundation/Bootstrap/HandleExceptions.php(258): Illuminate\Foundation\Bootstrap\HandleExceptions->handleShutdown()
#20 [internal function]: Illuminate\Foundation\Bootstrap\HandleExceptions->Illuminate\Foundation\Bootstrap\{closure}()
#21 {main}
  thrown in /home/syncoffice/public_html/vendor/symfony/error-handler/ErrorRenderer/HtmlErrorRenderer.php on line 257
[20-Mar-2026 11:26:55 Asia/Kuala_Lumpur] PHP Fatal error:  Uncaught Error: Call to undefined function Symfony\Component\ErrorHandler\ErrorRenderer\highlight_file() in /home/syncoffice/public_html/vendor/symfony/error-handler/ErrorRenderer/HtmlErrorRenderer.php:257
Stack trace:
#0 /home/syncoffice/public_html/vendor/symfony/error-handler/Resources/views/trace.html.php(36): Symfony\Component\ErrorHandler\ErrorRenderer\HtmlErrorRenderer->fileExcerpt('/home/syncoffic...', 257, 5)
#1 /home/syncoffice/public_html/vendor/symfony/error-handler/ErrorRenderer/HtmlErrorRenderer.php(345): include('/home/syncoffic...')
#2 /home/syncoffice/public_html/vendor/symfony/error-handler/Resources/views/traces.html.php(48): Symfony\Component\ErrorHandler\ErrorRenderer\HtmlErrorRenderer->include('views/trace.htm...', Array)
#3 /home/syncoffice/public_html/vendor/symfony/error-handler/ErrorRenderer/HtmlErrorRenderer.php(345): include('/home/syncoffic...')
#4 /home/syncoffice/public_html/vendor/symfony/error-handler/Resources/views/exception.html.php(54): Symfony\Component\ErrorHandler\ErrorRenderer\HtmlErrorRenderer->include('views/traces.ht...', Array)
#5 /home/syncoffice/public_html/vendor/symfony/error-handler/ErrorRenderer/HtmlErrorRenderer.php(345): include('/home/syncoffic...')
#6 /home/syncoffice/public_html/vendor/symfony/error-handler/Resources/views/exception_full.html.php(35): Symfony\Component\ErrorHandler\ErrorRenderer\HtmlErrorRenderer->include('views/exception...', Array)
#7 /home/syncoffice/public_html/vendor/symfony/error-handler/ErrorRenderer/HtmlErrorRenderer.php(345): include('/home/syncoffic...')
#8 /home/syncoffice/public_html/vendor/symfony/error-handler/ErrorRenderer/HtmlErrorRenderer.php(140): Symfony\Component\ErrorHandler\ErrorRenderer\HtmlErrorRenderer->include('views/exception...', Array)
#9 /home/syncoffice/public_html/vendor/symfony/error-handler/ErrorRenderer/HtmlErrorRenderer.php(72): Symfony\Component\ErrorHandler\ErrorRenderer\HtmlErrorRenderer->renderException(Object(Symfony\Component\ErrorHandler\Exception\FlattenException))
#10 /home/syncoffice/public_html/vendor/laravel/framework/src/Illuminate/Foundation/Exceptions/Handler.php(879): Symfony\Component\ErrorHandler\ErrorRenderer\HtmlErrorRenderer->render(Object(Symfony\Component\ErrorHandler\Exception\FlattenException))
#11 /home/syncoffice/public_html/vendor/laravel/framework/src/Illuminate/Foundation/Exceptions/Handler.php(853): Illuminate\Foundation\Exceptions\Handler->renderExceptionWithSymfony(Object(Error), true)
#12 /home/syncoffice/public_html/vendor/laravel/framework/src/Illuminate/Foundation/Exceptions/Handler.php(828): Illuminate\Foundation\Exceptions\Handler->renderExceptionContent(Object(Error))
#13 /home/syncoffice/public_html/vendor/laravel/framework/src/Illuminate/Foundation/Exceptions/Handler.php(807): Illuminate\Foundation\Exceptions\Handler->convertExceptionToResponse(Object(Error))
#14 /home/syncoffice/public_html/vendor/laravel/framework/src/Illuminate/Foundation/Exceptions/Handler.php(706): Illuminate\Foundation\Exceptions\Handler->prepareResponse(Object(Illuminate\Http\Request), Object(Error))
#15 /home/syncoffice/public_html/vendor/laravel/framework/src/Illuminate/Foundation/Exceptions/Handler.php(594): Illuminate\Foundation\Exceptions\Handler->renderExceptionResponse(Object(Illuminate\Http\Request), Object(Error))
#16 /home/syncoffice/public_html/vendor/laravel/framework/src/Illuminate/Foundation/Bootstrap/HandleExceptions.php(221): Illuminate\Foundation\Exceptions\Handler->render(Object(Illuminate\Http\Request), Object(Error))
#17 /home/syncoffice/public_html/vendor/laravel/framework/src/Illuminate/Foundation/Bootstrap/HandleExceptions.php(198): Illuminate\Foundation\Bootstrap\HandleExceptions->renderHttpResponse(Object(Error))
#18 /home/syncoffice/public_html/vendor/laravel/framework/src/Illuminate/Foundation/Bootstrap/HandleExceptions.php(258): Illuminate\Foundation\Bootstrap\HandleExceptions->handleException(Object(Error))
#19 [internal function]: Illuminate\Foundation\Bootstrap\HandleExceptions->Illuminate\Foundation\Bootstrap\{closure}(Object(Error))
#20 {main}
  thrown in /home/syncoffice/public_html/vendor/symfony/error-handler/ErrorRenderer/HtmlErrorRenderer.php on line 257
[20-Mar-2026 11:26:55 Asia/Kuala_Lumpur] PHP Fatal error:  Uncaught Error: Call to undefined function Symfony\Component\ErrorHandler\ErrorRenderer\highlight_file() in /home/syncoffice/public_html/vendor/symfony/error-handler/ErrorRenderer/HtmlErrorRenderer.php:257
Stack trace:
#0 /home/syncoffice/public_html/vendor/symfony/error-handler/Resources/views/trace.html.php(36): Symfony\Component\ErrorHandler\ErrorRenderer\HtmlErrorRenderer->fileExcerpt('/home/syncoffic...', 257, 5)
#1 /home/syncoffice/public_html/vendor/symfony/error-handler/ErrorRenderer/HtmlErrorRenderer.php(345): include('/home/syncoffic...')
#2 /home/syncoffice/public_html/vendor/symfony/error-handler/Resources/views/traces.html.php(48): Symfony\Component\ErrorHandler\ErrorRenderer\HtmlErrorRenderer->include('views/trace.htm...', Array)
#3 /home/syncoffice/public_html/vendor/symfony/error-handler/ErrorRenderer/HtmlErrorRenderer.php(345): include('/home/syncoffic...')
#4 /home/syncoffice/public_html/vendor/symfony/error-handler/Resources/views/exception.html.php(54): Symfony\Component\ErrorHandler\ErrorRenderer\HtmlErrorRenderer->include('views/traces.ht...', Array)
#5 /home/syncoffice/public_html/vendor/symfony/error-handler/ErrorRenderer/HtmlErrorRenderer.php(345): include('/home/syncoffic...')
#6 /home/syncoffice/public_html/vendor/symfony/error-handler/Resources/views/exception_full.html.php(35): Symfony\Component\ErrorHandler\ErrorRenderer\HtmlErrorRenderer->include('views/exception...', Array)
#7 /home/syncoffice/public_html/vendor/symfony/error-handler/ErrorRenderer/HtmlErrorRenderer.php(345): include('/home/syncoffic...')
#8 /home/syncoffice/public_html/vendor/symfony/error-handler/ErrorRenderer/HtmlErrorRenderer.php(140): Symfony\Component\ErrorHandler\ErrorRenderer\HtmlErrorRenderer->include('views/exception...', Array)
#9 /home/syncoffice/public_html/vendor/symfony/error-handler/ErrorRenderer/HtmlErrorRenderer.php(72): Symfony\Component\ErrorHandler\ErrorRenderer\HtmlErrorRenderer->renderException(Object(Symfony\Component\ErrorHandler\Exception\FlattenException))
#10 /home/syncoffice/public_html/vendor/laravel/framework/src/Illuminate/Foundation/Exceptions/Handler.php(879): Symfony\Component\ErrorHandler\ErrorRenderer\HtmlErrorRenderer->render(Object(Symfony\Component\ErrorHandler\Exception\FlattenException))
#11 /home/syncoffice/public_html/vendor/laravel/framework/src/Illuminate/Foundation/Exceptions/Handler.php(853): Illuminate\Foundation\Exceptions\Handler->renderExceptionWithSymfony(Object(Error), true)
#12 /home/syncoffice/public_html/vendor/laravel/framework/src/Illuminate/Foundation/Exceptions/Handler.php(828): Illuminate\Foundation\Exceptions\Handler->renderExceptionContent(Object(Error))
#13 /home/syncoffice/public_html/vendor/laravel/framework/src/Illuminate/Foundation/Exceptions/Handler.php(807): Illuminate\Foundation\Exceptions\Handler->convertExceptionToResponse(Object(Symfony\Component\ErrorHandler\Error\FatalError))
#14 /home/syncoffice/public_html/vendor/laravel/framework/src/Illuminate/Foundation/Exceptions/Handler.php(706): Illuminate\Foundation\Exceptions\Handler->prepareResponse(Object(Illuminate\Http\Request), Object(Symfony\Component\ErrorHandler\Error\FatalError))
#15 /home/syncoffice/public_html/vendor/laravel/framework/src/Illuminate/Foundation/Exceptions/Handler.php(594): Illuminate\Foundation\Exceptions\Handler->renderExceptionResponse(Object(Illuminate\Http\Request), Object(Symfony\Component\ErrorHandler\Error\FatalError))
#16 /home/syncoffice/public_html/vendor/laravel/framework/src/Illuminate/Foundation/Bootstrap/HandleExceptions.php(221): Illuminate\Foundation\Exceptions\Handler->render(Object(Illuminate\Http\Request), Object(Symfony\Component\ErrorHandler\Error\FatalError))
#17 /home/syncoffice/public_html/vendor/laravel/framework/src/Illuminate/Foundation/Bootstrap/HandleExceptions.php(198): Illuminate\Foundation\Bootstrap\HandleExceptions->renderHttpResponse(Object(Symfony\Component\ErrorHandler\Error\FatalError))
#18 /home/syncoffice/public_html/vendor/laravel/framework/src/Illuminate/Foundation/Bootstrap/HandleExceptions.php(234): Illuminate\Foundation\Bootstrap\HandleExceptions->handleException(Object(Symfony\Component\ErrorHandler\Error\FatalError))
#19 /home/syncoffice/public_html/vendor/laravel/framework/src/Illuminate/Foundation/Bootstrap/HandleExceptions.php(258): Illuminate\Foundation\Bootstrap\HandleExceptions->handleShutdown()
#20 [internal function]: Illuminate\Foundation\Bootstrap\HandleExceptions->Illuminate\Foundation\Bootstrap\{closure}()
#21 {main}
  thrown in /home/syncoffice/public_html/vendor/symfony/error-handler/ErrorRenderer/HtmlErrorRenderer.php on line 257
[20-Mar-2026 11:27:06 Asia/Kuala_Lumpur] PHP Fatal error:  Uncaught Error: Call to undefined function Symfony\Component\ErrorHandler\ErrorRenderer\highlight_file() in /home/syncoffice/public_html/vendor/symfony/error-handler/ErrorRenderer/HtmlErrorRenderer.php:257
Stack trace:
#0 /home/syncoffice/public_html/vendor/symfony/error-handler/Resources/views/trace.html.php(36): Symfony\Component\ErrorHandler\ErrorRenderer\HtmlErrorRenderer->fileExcerpt('/home/syncoffic...', 257, 5)
#1 /home/syncoffice/public_html/vendor/symfony/error-handler/ErrorRenderer/HtmlErrorRenderer.php(345): include('/home/syncoffic...')
#2 /home/syncoffice/public_html/vendor/symfony/error-handler/Resources/views/traces.html.php(48): Symfony\Component\ErrorHandler\ErrorRenderer\HtmlErrorRenderer->include('views/trace.htm...', Array)
#3 /home/syncoffice/public_html/vendor/symfony/error-handler/ErrorRenderer/HtmlErrorRenderer.php(345): include('/home/syncoffic...')
#4 /home/syncoffice/public_html/vendor/symfony/error-handler/Resources/views/exception.html.php(54): Symfony\Component\ErrorHandler\ErrorRenderer\HtmlErrorRenderer->include('views/traces.ht...', Array)
#5 /home/syncoffice/public_html/vendor/symfony/error-handler/ErrorRenderer/HtmlErrorRenderer.php(345): include('/home/syncoffic...')
#6 /home/syncoffice/public_html/vendor/symfony/error-handler/Resources/views/exception_full.html.php(35): Symfony\Component\ErrorHandler\ErrorRenderer\HtmlErrorRenderer->include('views/exception...', Array)
#7 /home/syncoffice/public_html/vendor/symfony/error-handler/ErrorRenderer/HtmlErrorRenderer.php(345): include('/home/syncoffic...')
#8 /home/syncoffice/public_html/vendor/symfony/error-handler/ErrorRenderer/HtmlErrorRenderer.php(140): Symfony\Component\ErrorHandler\ErrorRenderer\HtmlErrorRenderer->include('views/exception...', Array)
#9 /home/syncoffice/public_html/vendor/symfony/error-handler/ErrorRenderer/HtmlErrorRenderer.php(72): Symfony\Component\ErrorHandler\ErrorRenderer\HtmlErrorRenderer->renderException(Object(Symfony\Component\ErrorHandler\Exception\FlattenException))
#10 /home/syncoffice/public_html/vendor/laravel/framework/src/Illuminate/Foundation/Exceptions/Handler.php(879): Symfony\Component\ErrorHandler\ErrorRenderer\HtmlErrorRenderer->render(Object(Symfony\Component\ErrorHandler\Exception\FlattenException))
#11 /home/syncoffice/public_html/vendor/laravel/framework/src/Illuminate/Foundation/Exceptions/Handler.php(853): Illuminate\Foundation\Exceptions\Handler->renderExceptionWithSymfony(Object(Error), true)
#12 /home/syncoffice/public_html/vendor/laravel/framework/src/Illuminate/Foundation/Exceptions/Handler.php(828): Illuminate\Foundation\Exceptions\Handler->renderExceptionContent(Object(Error))
#13 /home/syncoffice/public_html/vendor/laravel/framework/src/Illuminate/Foundation/Exceptions/Handler.php(807): Illuminate\Foundation\Exceptions\Handler->convertExceptionToResponse(Object(Error))
#14 /home/syncoffice/public_html/vendor/laravel/framework/src/Illuminate/Foundation/Exceptions/Handler.php(706): Illuminate\Foundation\Exceptions\Handler->prepareResponse(Object(Illuminate\Http\Request), Object(Error))
#15 /home/syncoffice/public_html/vendor/laravel/framework/src/Illuminate/Foundation/Exceptions/Handler.php(594): Illuminate\Foundation\Exceptions\Handler->renderExceptionResponse(Object(Illuminate\Http\Request), Object(Error))
#16 /home/syncoffice/public_html/vendor/laravel/framework/src/Illuminate/Foundation/Bootstrap/HandleExceptions.php(221): Illuminate\Foundation\Exceptions\Handler->render(Object(Illuminate\Http\Request), Object(Error))
#17 /home/syncoffice/public_html/vendor/laravel/framework/src/Illuminate/Foundation/Bootstrap/HandleExceptions.php(198): Illuminate\Foundation\Bootstrap\HandleExceptions->renderHttpResponse(Object(Error))
#18 /home/syncoffice/public_html/vendor/laravel/framework/src/Illuminate/Foundation/Bootstrap/HandleExceptions.php(258): Illuminate\Foundation\Bootstrap\HandleExceptions->handleException(Object(Error))
#19 [internal function]: Illuminate\Foundation\Bootstrap\HandleExceptions->Illuminate\Foundation\Bootstrap\{closure}(Object(Error))
#20 {main}
  thrown in /home/syncoffice/public_html/vendor/symfony/error-handler/ErrorRenderer/HtmlErrorRenderer.php on line 257
[20-Mar-2026 11:27:06 Asia/Kuala_Lumpur] PHP Fatal error:  Uncaught Error: Call to undefined function Symfony\Component\ErrorHandler\ErrorRenderer\highlight_file() in /home/syncoffice/public_html/vendor/symfony/error-handler/ErrorRenderer/HtmlErrorRenderer.php:257
Stack trace:
#0 /home/syncoffice/public_html/vendor/symfony/error-handler/Resources/views/trace.html.php(36): Symfony\Component\ErrorHandler\ErrorRenderer\HtmlErrorRenderer->fileExcerpt('/home/syncoffic...', 257, 5)
#1 /home/syncoffice/public_html/vendor/symfony/error-handler/ErrorRenderer/HtmlErrorRenderer.php(345): include('/home/syncoffic...')
#2 /home/syncoffice/public_html/vendor/symfony/error-handler/Resources/views/traces.html.php(48): Symfony\Component\ErrorHandler\ErrorRenderer\HtmlErrorRenderer->include('views/trace.htm...', Array)
#3 /home/syncoffice/public_html/vendor/symfony/error-handler/ErrorRenderer/HtmlErrorRenderer.php(345): include('/home/syncoffic...')
#4 /home/syncoffice/public_html/vendor/symfony/error-handler/Resources/views/exception.html.php(54): Symfony\Component\ErrorHandler\ErrorRenderer\HtmlErrorRenderer->include('views/traces.ht...', Array)
#5 /home/syncoffice/public_html/vendor/symfony/error-handler/ErrorRenderer/HtmlErrorRenderer.php(345): include('/home/syncoffic...')
#6 /home/syncoffice/public_html/vendor/symfony/error-handler/Resources/views/exception_full.html.php(35): Symfony\Component\ErrorHandler\ErrorRenderer\HtmlErrorRenderer->include('views/exception...', Array)
#7 /home/syncoffice/public_html/vendor/symfony/error-handler/ErrorRenderer/HtmlErrorRenderer.php(345): include('/home/syncoffic...')
#8 /home/syncoffice/public_html/vendor/symfony/error-handler/ErrorRenderer/HtmlErrorRenderer.php(140): Symfony\Component\ErrorHandler\ErrorRenderer\HtmlErrorRenderer->include('views/exception...', Array)
#9 /home/syncoffice/public_html/vendor/symfony/error-handler/ErrorRenderer/HtmlErrorRenderer.php(72): Symfony\Component\ErrorHandler\ErrorRenderer\HtmlErrorRenderer->renderException(Object(Symfony\Component\ErrorHandler\Exception\FlattenException))
#10 /home/syncoffice/public_html/vendor/laravel/framework/src/Illuminate/Foundation/Exceptions/Handler.php(879): Symfony\Component\ErrorHandler\ErrorRenderer\HtmlErrorRenderer->render(Object(Symfony\Component\ErrorHandler\Exception\FlattenException))
#11 /home/syncoffice/public_html/vendor/laravel/framework/src/Illuminate/Foundation/Exceptions/Handler.php(853): Illuminate\Foundation\Exceptions\Handler->renderExceptionWithSymfony(Object(Error), true)
#12 /home/syncoffice/public_html/vendor/laravel/framework/src/Illuminate/Foundation/Exceptions/Handler.php(828): Illuminate\Foundation\Exceptions\Handler->renderExceptionContent(Object(Error))
#13 /home/syncoffice/public_html/vendor/laravel/framework/src/Illuminate/Foundation/Exceptions/Handler.php(807): Illuminate\Foundation\Exceptions\Handler->convertExceptionToResponse(Object(Symfony\Component\ErrorHandler\Error\FatalError))
#14 /home/syncoffice/public_html/vendor/laravel/framework/src/Illuminate/Foundation/Exceptions/Handler.php(706): Illuminate\Foundation\Exceptions\Handler->prepareResponse(Object(Illuminate\Http\Request), Object(Symfony\Component\ErrorHandler\Error\FatalError))
#15 /home/syncoffice/public_html/vendor/laravel/framework/src/Illuminate/Foundation/Exceptions/Handler.php(594): Illuminate\Foundation\Exceptions\Handler->renderExceptionResponse(Object(Illuminate\Http\Request), Object(Symfony\Component\ErrorHandler\Error\FatalError))
#16 /home/syncoffice/public_html/vendor/laravel/framework/src/Illuminate/Foundation/Bootstrap/HandleExceptions.php(221): Illuminate\Foundation\Exceptions\Handler->render(Object(Illuminate\Http\Request), Object(Symfony\Component\ErrorHandler\Error\FatalError))
#17 /home/syncoffice/public_html/vendor/laravel/framework/src/Illuminate/Foundation/Bootstrap/HandleExceptions.php(198): Illuminate\Foundation\Bootstrap\HandleExceptions->renderHttpResponse(Object(Symfony\Component\ErrorHandler\Error\FatalError))
#18 /home/syncoffice/public_html/vendor/laravel/framework/src/Illuminate/Foundation/Bootstrap/HandleExceptions.php(234): Illuminate\Foundation\Bootstrap\HandleExceptions->handleException(Object(Symfony\Component\ErrorHandler\Error\FatalError))
#19 /home/syncoffice/public_html/vendor/laravel/framework/src/Illuminate/Foundation/Bootstrap/HandleExceptions.php(258): Illuminate\Foundation\Bootstrap\HandleExceptions->handleShutdown()
#20 [internal function]: Illuminate\Foundation\Bootstrap\HandleExceptions->Illuminate\Foundation\Bootstrap\{closure}()
#21 {main}
  thrown in /home/syncoffice/public_html/vendor/symfony/error-handler/ErrorRenderer/HtmlErrorRenderer.php on line 257
